Determining if the pthread_create exist failed with the following output:
Change Dir: /home/jwright/art/cse531/build/googletest-prefix/src/googletest-build/CMakeFiles/CMakeTmp

Run Build Command:/usr/bin/make "cmTryCompileExec2885728813/fast"
make[3]: Entering directory `/home/jwright/art/cse531/build/googletest-prefix/src/googletest-build/CMakeFiles/CMakeTmp'
/usr/bin/make -f CMakeFiles/cmTryCompileExec2885728813.dir/build.make CMakeFiles/cmTryCompileExec2885728813.dir/build
make[4]: Entering directory `/home/jwright/art/cse531/build/googletest-prefix/src/googletest-build/CMakeFiles/CMakeTmp'
/usr/bin/cmake -E cmake_progress_report /home/jwright/art/cse531/build/googletest-prefix/src/googletest-build/CMakeFiles/CMakeTmp/CMakeFiles 1
Building C object CMakeFiles/cmTryCompileExec2885728813.dir/CheckSymbolExists.c.o
/usr/bin/cc    -o CMakeFiles/cmTryCompileExec2885728813.dir/CheckSymbolExists.c.o   -c /home/jwright/art/cse531/build/googletest-prefix/src/googletest-build/CMakeFiles/CMakeTmp/CheckSymbolExists.c
Linking C executable cmTryCompileExec2885728813
/usr/bin/cmake -E cmake_link_script CMakeFiles/cmTryCompileExec2885728813.dir/link.txt --verbose=1
/usr/bin/cc       CMakeFiles/cmTryCompileExec2885728813.dir/CheckSymbolExists.c.o  -o cmTryCompileExec2885728813 -rdynamic 
CMakeFiles/cmTryCompileExec2885728813.dir/CheckSymbolExists.c.o: In function `main':
CheckSymbolExists.c:(.text+0x16): undefined reference to `pthread_create'
collect2: error: ld returned 1 exit status
make[4]: *** [cmTryCompileExec2885728813] Error 1
make[4]: Leaving directory `/home/jwright/art/cse531/build/googletest-prefix/src/googletest-build/CMakeFiles/CMakeTmp'
make[3]: *** [cmTryCompileExec2885728813/fast] Error 2
make[3]: Leaving directory `/home/jwright/art/cse531/build/googletest-prefix/src/googletest-build/CMakeFiles/CMakeTmp'

File /home/jwright/art/cse531/build/googletest-prefix/src/googletest-build/CMakeFiles/CMakeTmp/CheckSymbolExists.c:
/* */
#include <pthread.h>

int main(int argc, char** argv)
{
  (void)argv;
#ifndef pthread_create
  return ((int*)(&pthread_create))[argc];
#else
  (void)argc;
  return 0;
#endif
}

Determining if the function pthread_create exists in the pthreads failed with the following output:
Change Dir: /home/jwright/art/cse531/build/googletest-prefix/src/googletest-build/CMakeFiles/CMakeTmp

Run Build Command:/usr/bin/make "cmTryCompileExec4044117924/fast"
make[3]: Entering directory `/home/jwright/art/cse531/build/googletest-prefix/src/googletest-build/CMakeFiles/CMakeTmp'
/usr/bin/make -f CMakeFiles/cmTryCompileExec4044117924.dir/build.make CMakeFiles/cmTryCompileExec4044117924.dir/build
make[4]: Entering directory `/home/jwright/art/cse531/build/googletest-prefix/src/googletest-build/CMakeFiles/CMakeTmp'
/usr/bin/cmake -E cmake_progress_report /home/jwright/art/cse531/build/googletest-prefix/src/googletest-build/CMakeFiles/CMakeTmp/CMakeFiles 1
Building C object CMakeFiles/cmTryCompileExec4044117924.dir/CheckFunctionExists.c.o
/usr/bin/cc   -DCHECK_FUNCTION_EXISTS=pthread_create   -o CMakeFiles/cmTryCompileExec4044117924.dir/CheckFunctionExists.c.o   -c /usr/share/cmake-2.8/Modules/CheckFunctionExists.c
Linking C executable cmTryCompileExec4044117924
/usr/bin/cmake -E cmake_link_script CMakeFiles/cmTryCompileExec4044117924.dir/link.txt --verbose=1
/usr/bin/cc   -DCHECK_FUNCTION_EXISTS=pthread_create    CMakeFiles/cmTryCompileExec4044117924.dir/CheckFunctionExists.c.o  -o cmTryCompileExec4044117924 -rdynamic -lpthreads 
/usr/bin/ld: cannot find -lpthreads
collect2: error: ld returned 1 exit status
make[4]: *** [cmTryCompileExec4044117924] Error 1
make[4]: Leaving directory `/home/jwright/art/cse531/build/googletest-prefix/src/googletest-build/CMakeFiles/CMakeTmp'
make[3]: *** [cmTryCompileExec4044117924/fast] Error 2
make[3]: Leaving directory `/home/jwright/art/cse531/build/googletest-prefix/src/googletest-build/CMakeFiles/CMakeTmp'


